0 info it worked if it ends with ok
1 verbose cli [ 'node',
1 verbose cli   '/usr/local/bin/npm',
1 verbose cli   'install',
1 verbose cli   'https://github.com/gruntjs/grunt-lib-phantomjs/issues' ]
2 info using npm@1.4.28
3 info using node@v0.10.36
4 warn package.json bruzane-mobile@ No description
5 warn package.json bruzane-mobile@ No repository field.
6 warn package.json bruzane-mobile@ No README data
7 verbose readDependencies using package.json deps
8 verbose cache add [ 'https://github.com/gruntjs/grunt-lib-phantomjs/issues',
8 verbose cache add   null ]
9 verbose cache add name=undefined spec="https://github.com/gruntjs/grunt-lib-phantomjs/issues" args=["https://github.com/gruntjs/grunt-lib-phantomjs/issues",null]
10 verbose parsed url { protocol: 'https:',
10 verbose parsed url   slashes: true,
10 verbose parsed url   auth: null,
10 verbose parsed url   host: 'github.com',
10 verbose parsed url   port: null,
10 verbose parsed url   hostname: 'github.com',
10 verbose parsed url   hash: null,
10 verbose parsed url   search: null,
10 verbose parsed url   query: null,
10 verbose parsed url   pathname: '/gruntjs/grunt-lib-phantomjs/issues',
10 verbose parsed url   path: '/gruntjs/grunt-lib-phantomjs/issues',
10 verbose parsed url   href: 'https://github.com/gruntjs/grunt-lib-phantomjs/issues' }
11 silly lockFile fdfdf226-untjs-grunt-lib-phantomjs-issues https://github.com/gruntjs/grunt-lib-phantomjs/issues
12 verbose lock https://github.com/gruntjs/grunt-lib-phantomjs/issues /Users/remo/.npm/fdfdf226-untjs-grunt-lib-phantomjs-issues.lock
13 verbose addRemoteTarball [ 'https://github.com/gruntjs/grunt-lib-phantomjs/issues',
13 verbose addRemoteTarball   null ]
14 info retry fetch attempt 1 at 13:21:54
15 verbose fetch to= /var/folders/z9/rhtnh41n4glbz7f4f3cb26fw0000gn/T/npm-974-LVD5VAch/github.com/gruntjs/grunt-lib-phantomjs/issues
16 http GET https://github.com/gruntjs/grunt-lib-phantomjs/issues
17 http 200 https://github.com/gruntjs/grunt-lib-phantomjs/issues
18 verbose tar unpack /var/folders/z9/rhtnh41n4glbz7f4f3cb26fw0000gn/T/npm-974-LVD5VAch/github.com/gruntjs/grunt-lib-phantomjs/issues
19 silly lockFile 94835827-runt-lib-phantomjs-issues-unpack tar:///var/folders/z9/rhtnh41n4glbz7f4f3cb26fw0000gn/T/npm-974-LVD5VAch/github.com/gruntjs/grunt-lib-phantomjs/issues-unpack
20 verbose lock tar:///var/folders/z9/rhtnh41n4glbz7f4f3cb26fw0000gn/T/npm-974-LVD5VAch/github.com/gruntjs/grunt-lib-phantomjs/issues-unpack /Users/remo/.npm/94835827-runt-lib-phantomjs-issues-unpack.lock
21 silly lockFile be529f87-untjs-grunt-lib-phantomjs-issues tar:///var/folders/z9/rhtnh41n4glbz7f4f3cb26fw0000gn/T/npm-974-LVD5VAch/github.com/gruntjs/grunt-lib-phantomjs/issues
22 verbose lock tar:///var/folders/z9/rhtnh41n4glbz7f4f3cb26fw0000gn/T/npm-974-LVD5VAch/github.com/gruntjs/grunt-lib-phantomjs/issues /Users/remo/.npm/be529f87-untjs-grunt-lib-phantomjs-issues.lock
23 silly gunzTarPerm modes [ '755', '644' ]
24 error not a package /var/folders/z9/rhtnh41n4glbz7f4f3cb26fw0000gn/T/npm-974-LVD5VAch/github.com/gruntjs/grunt-lib-phantomjs/issues
25 silly lockFile 94835827-runt-lib-phantomjs-issues-unpack tar:///var/folders/z9/rhtnh41n4glbz7f4f3cb26fw0000gn/T/npm-974-LVD5VAch/github.com/gruntjs/grunt-lib-phantomjs/issues-unpack
26 silly lockFile 94835827-runt-lib-phantomjs-issues-unpack tar:///var/folders/z9/rhtnh41n4glbz7f4f3cb26fw0000gn/T/npm-974-LVD5VAch/github.com/gruntjs/grunt-lib-phantomjs/issues-unpack
27 silly lockFile be529f87-untjs-grunt-lib-phantomjs-issues tar:///var/folders/z9/rhtnh41n4glbz7f4f3cb26fw0000gn/T/npm-974-LVD5VAch/github.com/gruntjs/grunt-lib-phantomjs/issues
28 silly lockFile be529f87-untjs-grunt-lib-phantomjs-issues tar:///var/folders/z9/rhtnh41n4glbz7f4f3cb26fw0000gn/T/npm-974-LVD5VAch/github.com/gruntjs/grunt-lib-phantomjs/issues
29 silly lockFile fdfdf226-untjs-grunt-lib-phantomjs-issues https://github.com/gruntjs/grunt-lib-phantomjs/issues
30 silly lockFile fdfdf226-untjs-grunt-lib-phantomjs-issues https://github.com/gruntjs/grunt-lib-phantomjs/issues
31 error Error: ENOENT, open '/var/folders/z9/rhtnh41n4glbz7f4f3cb26fw0000gn/T/npm-974-LVD5VAch/github.com/gruntjs/grunt-lib-phantomjs/issues-unpack/package.json'
32 error If you need help, you may report this *entire* log,
32 error including the npm and node versions, at:
32 error     <http://github.com/npm/npm/issues>
33 error System Darwin 14.1.0
34 error command "node" "/usr/local/bin/npm" "install" "https://github.com/gruntjs/grunt-lib-phantomjs/issues"
35 error cwd /Applications/MAMP/htdocs/bruzane-mobile
36 error node -v v0.10.36
37 error npm -v 1.4.28
38 error path /var/folders/z9/rhtnh41n4glbz7f4f3cb26fw0000gn/T/npm-974-LVD5VAch/github.com/gruntjs/grunt-lib-phantomjs/issues-unpack/package.json
39 error code ENOENT
40 error errno 34
41 verbose exit [ 34, true ]
